0 1 is thinking
0 1 has taken a fork
0 1 has taken a fork
0 1 is eating
0 2 is thinking
99 1 is sleeping
99 2 has taken a fork
99 2 has taken a fork
99 2 is eating
199 1 is thinking
199 2 is sleeping
199 1 has taken a fork
199 1 has taken a fork
199 1 is eating
299 2 is thinking
299 1 is sleeping
304 2 has taken a fork
304 2 has taken a fork
304 2 is eating
399 1 is thinking
404 2 is sleeping
404 1 has taken a fork
404 1 has taken a fork
404 1 is eating
504 1 is sleeping
504 2 is thinking
509 2 has taken a fork
509 2 has taken a fork
509 2 is eating
604 1 is thinking
609 2 is sleeping
609 1 has taken a fork
609 1 has taken a fork
609 1 is eating
709 1 is sleeping
709 2 is thinking
714 2 has taken a fork
714 2 has taken a fork
714 2 is eating
814 2 is sleeping
914 2 is thinking
919 2 has taken a fork
919 2 has taken a fork
919 2 is eating
1010 1 died
